C:\USERS\YWU\DOCUMENTS\VISUAL STUDIO 2012\PROJECTS\SIMPLEBANKSYSTEM\DEBUG\SIMPLEBANKSYSTEM.BSC
C:\USERS\YWU\DOCUMENTS\VISUAL STUDIO 2012\PROJECTS\SIMPLEBANKSYSTEM\SIMPLEBANKSYSTEM\DEBUG\MAIN.SBR
C:\USERS\YWU\DOCUMENTS\VISUAL STUDIO 2012\PROJECTS\SIMPLEBANKSYSTEM\SIMPLEBANKSYSTEM\DEBUG\BANKSYSTEM.SBR
C:\USERS\YWU\DOCUMENTS\VISUAL STUDIO 2012\PROJECTS\SIMPLEBANKSYSTEM\SIMPLEBANKSYSTEM\DEBUG\BANKSYSTEM.OBJ
C:\USERS\YWU\DOCUMENTS\VISUAL STUDIO 2012\PROJECTS\SIMPLEBANKSYSTEM\SIMPLEBANKSYSTEM\DEBUG\MAIN.OBJ
C:\USERS\YWU\DOCUMENTS\VISUAL STUDIO 2012\PROJECTS\SIMPLEBANKSYSTEM\SIMPLEBANKSYSTEM\DEBUG\VC110.PDB
C:\USERS\YWU\DOCUMENTS\VISUAL STUDIO 2012\PROJECTS\SIMPLEBANKSYSTEM\DEBUG\SIMPLEBANKSYSTEM.ILK
C:\USERS\YWU\DOCUMENTS\VISUAL STUDIO 2012\PROJECTS\SIMPLEBANKSYSTEM\DEBUG\SIMPLEBANKSYSTEM.EXE
C:\USERS\YWU\DOCUMENTS\VISUAL STUDIO 2012\PROJECTS\SIMPLEBANKSYSTEM\DEBUG\SIMPLEBANKSYSTEM.PDB
C:\Users\ywu\documents\visual studio 2012\Projects\SimpleBankSystem\SimpleBankSystem\Debug\BankSystem.obj
C:\Users\ywu\documents\visual studio 2012\Projects\SimpleBankSystem\SimpleBankSystem\Debug\main.obj
C:\Users\ywu\documents\visual studio 2012\Projects\SimpleBankSystem\SimpleBankSystem\Debug\BscMake.command.1.tlog
C:\Users\ywu\documents\visual studio 2012\Projects\SimpleBankSystem\SimpleBankSystem\Debug\bscmake.read.1.tlog
C:\Users\ywu\documents\visual studio 2012\Projects\SimpleBankSystem\SimpleBankSystem\Debug\BscMake.write.1.tlog
C:\Users\ywu\documents\visual studio 2012\Projects\SimpleBankSystem\SimpleBankSystem\Debug\cl.command.1.tlog
C:\Users\ywu\documents\visual studio 2012\Projects\SimpleBankSystem\SimpleBankSystem\Debug\CL.read.1.tlog
C:\Users\ywu\documents\visual studio 2012\Projects\SimpleBankSystem\SimpleBankSystem\Debug\CL.write.1.tlog
C:\Users\ywu\documents\visual studio 2012\Projects\SimpleBankSystem\SimpleBankSystem\Debug\link-cvtres.read.1.tlog
C:\Users\ywu\documents\visual studio 2012\Projects\SimpleBankSystem\SimpleBankSystem\Debug\link-cvtres.write.1.tlog
C:\Users\ywu\documents\visual studio 2012\Projects\SimpleBankSystem\SimpleBankSystem\Debug\link-rc.read.1.tlog
C:\Users\ywu\documents\visual studio 2012\Projects\SimpleBankSystem\SimpleBankSystem\Debug\link-rc.write.1.tlog
C:\Users\ywu\documents\visual studio 2012\Projects\SimpleBankSystem\SimpleBankSystem\Debug\link.command.1.tlog
C:\Users\ywu\documents\visual studio 2012\Projects\SimpleBankSystem\SimpleBankSystem\Debug\link.read.1.tlog
C:\Users\ywu\documents\visual studio 2012\Projects\SimpleBankSystem\SimpleBankSystem\Debug\link.write.1.tlog
C:\Users\ywu\documents\visual studio 2012\Projects\SimpleBankSystem\SimpleBankSystem\Debug\vc110.idb
C:\Users\ywu\documents\visual studio 2012\Projects\SimpleBankSystem\SimpleBankSystem\Debug\vc110.pdb
C:\Users\ywu\documents\visual studio 2012\Projects\SimpleBankSystem\SimpleBankSystem\Debug\BankSystem.sbr
C:\Users\ywu\documents\visual studio 2012\Projects\SimpleBankSystem\SimpleBankSystem\Debug\main.sbr
C:\Users\ywu\documents\visual studio 2012\Projects\SimpleBankSystem\Debug\SimpleBankSystem.pdb
C:\Users\ywu\documents\visual studio 2012\Projects\SimpleBankSystem\Debug\SimpleBankSystem.exe
C:\Users\ywu\documents\visual studio 2012\Projects\SimpleBankSystem\Debug\SimpleBankSystem.bsc
C:\Users\ywu\documents\visual studio 2012\Projects\SimpleBankSystem\Debug\SimpleBankSystem.ilk
